/*C2*/SET SCHEMA PUBLIC
INSERT INTO ITEMORDER VALUES(230,1,'In Cart',1,1)
COMMIT
/*C3*/SET SCHEMA PUBLIC
DELETE FROM ITEMORDER WHERE ID=230
COMMIT
/*C2*/INSERT INTO ITEMORDER VALUES(231,1,'In Cart',12,1)
COMMIT
INSERT INTO ITEMORDER VALUES(232,1,'In Cart',12,1)
COMMIT
INSERT INTO ITEMORDER VALUES(233,1,'In Cart',12,1)
COMMIT
/*C5*/SET SCHEMA PUBLIC
DELETE FROM ITEMORDER WHERE ID=231
COMMIT
DELETE FROM ITEMORDER WHERE ID=232
COMMIT
/*C2*/DELETE FROM ITEMORDER WHERE ID=233
INSERT INTO ITEMORDER VALUES(233,1,'Ordered',12,1)
COMMIT
DELETE FROM ITEMORDER WHERE ID=233
INSERT INTO ITEMORDER VALUES(233,1,'Cancelled',12,1)
COMMIT
INSERT INTO ITEMORDER VALUES(234,1,'In Cart',12,1)
COMMIT
DELETE FROM USER WHERE ID=12
INSERT INTO USER VALUES(12,'WaveMaker Inc','User','98081','user@wavemaker.com','834','User',NULL,'user','USA','SFO','user')
COMMIT
/*C3*/INSERT INTO ITEMORDER VALUES(235,1,'In Cart',12,1)
COMMIT
